# JRE version: OpenJDK Runtime Environment Corretto-18.0.2.9.1 (18.0.2+9) (build 18.0.2+9-FR)
# Java VM: OpenJDK 64-Bit Server VM Corretto-18.0.2.9.1 (18.0.2+9-FR, mixed mode, sharing, tiered, compressed oops, compressed class ptrs, g1 gc, windows-amd64)
GC Precious Log:
 CardTable entry size: 512
 Card Set container configuration: InlinePtr #cards 5 size 8 Array Of Cards #cards 12 size 40 Howl #buckets 4 coarsen threshold 1843 Howl Bitmap #cards 512 size 80 coarsen threshold 460 Card regions per heap region 1 cards per card region 2048
 CPUs: 4 total, 4 available
 Memory: 4012M
 Large Page Support: Disabled
 NUMA Support: Disabled
 Compressed Oops: Enabled (32-bit)
 Heap Region Size: 1M
 Heap Min Capacity: 8M
 Heap Initial Capacity: 64M
 Heap Max Capacity: 1004M
 Pre-touch: Disabled
 Parallel Workers: 4
 Concurrent Workers: 1
 Concurrent Refinement Workers: 4
 Periodic GC: Disabled
Heap:
 garbage-first heap   total 51200K, used 13071K [0x00000000c1400000, 0x0000000100000000)
  region size 1024K, 6 young (6144K), 5 survivors (5120K)
 Metaspace       used 21280K, committed 21632K, reserved 1114112K
  class space    used 2770K, committed 2944K, reserved 1048576K
GC Heap History (8 events):
Event: 3.238 GC heap before
{Heap before GC invocations=0 (full 0):
 garbage-first heap   total 65536K, used 13312K [0x00000000c1400000, 0x0000000100000000)
  region size 1024K, 13 young (13312K), 0 survivors (0K)
 Metaspace       used 1873K, committed 2048K, reserved 1114112K
  class space    used 165K, committed 256K, reserved 1048576K
}
Event: 3.248 GC heap after
{Heap after GC invocations=1 (full 0):
 garbage-first heap   total 65536K, used 6122K [0x00000000c1400000, 0x0000000100000000)
  region size 1024K, 2 young (2048K), 2 survivors (2048K)
 Metaspace       used 1873K, committed 2048K, reserved 1114112K
  class space    used 165K, committed 256K, reserved 1048576K
}
Event: 4.107 GC heap before
{Heap before GC invocations=1 (full 0):
 garbage-first heap   total 65536K, used 16362K [0x00000000c1400000, 0x0000000100000000)
  region size 1024K, 13 young (13312K), 2 survivors (2048K)
 Metaspace       used 4768K, committed 4928K, reserved 1114112K
  class space    used 514K, committed 640K, reserved 1048576K
}
Event: 4.115 GC heap after
{Heap after GC invocations=2 (full 0):
 garbage-first heap   total 65536K, used 7245K [0x00000000c1400000, 0x0000000100000000)
  region size 1024K, 2 young (2048K), 2 survivors (2048K)
 Metaspace       used 4768K, committed 4928K, reserved 1114112K
  class space    used 514K, committed 640K, reserved 1048576K
}
Event: 5.874 GC heap before
{Heap before GC invocations=2 (full 0):
 garbage-first heap   total 65536K, used 28749K [0x00000000c1400000, 0x0000000100000000)
  region size 1024K, 23 young (23552K), 2 survivors (2048K)
 Metaspace       used 9261K, committed 9472K, reserved 1114112K
  class space    used 1169K, committed 1280K, reserved 1048576K
}
Event: 5.887 GC heap after
{Heap after GC invocations=3 (full 0):
 garbage-first heap   total 65536K, used 8662K [0x00000000c1400000, 0x0000000100000000)
  region size 1024K, 3 young (3072K), 3 survivors (3072K)
 Metaspace       used 9261K, committed 9472K, reserved 1114112K
  class space    used 1169K, committed 1280K, reserved 1048576K
}
Event: 7.826 GC heap before
{Heap before GC invocations=3 (full 0):
 garbage-first heap   total 65536K, used 41430K [0x00000000c1400000, 0x0000000100000000)
  region size 1024K, 35 young (35840K), 3 survivors (3072K)
 Metaspace       used 15790K, committed 16064K, reserved 1114112K
  class space    used 2086K, committed 2240K, reserved 1048576K
}
Event: 7.836 GC heap after
{Heap after GC invocations=4 (full 0):
 garbage-first heap   total 65536K, used 10440K [0x00000000c1400000, 0x0000000100000000)
  region size 1024K, 5 young (5120K), 5 survivors (5120K)
 Metaspace       used 15790K, committed 16064K, reserved 1114112K
  class space    used 2086K, committed 2240K, reserved 1048576K
}

